                                 Started job on |	Oct 13 16:25:59
                             Started mapping on |	Oct 13 16:28:02
                                    Finished on |	Oct 13 16:28:04
       Mapping speed, Million of reads per hour |	45.02

                          Number of input reads |	25012
                      Average input read length |	100
                                    UNIQUE READS:
                   Uniquely mapped reads number |	21744
                        Uniquely mapped reads % |	86.93%
                          Average mapped length |	99.99
                       Number of splices: Total |	5797
            Number of splices: Annotated (sjdb) |	5743
                       Number of splices: GT/AG |	5750
                       Number of splices: GC/AG |	37
                       Number of splices: AT/AC |	9
               Number of splices: Non-canonical |	1
                      Mismatch rate per base, % |	0.32%
                         Deletion rate per base |	0.01%
                        Deletion average length |	1.52
                        Insertion rate per base |	0.01%
                       Insertion average length |	1.25
                             MULTI-MAPPING READS:
        Number of reads mapped to multiple loci |	1318
             % of reads mapped to multiple loci |	5.27%
        Number of reads mapped to too many loci |	6
             % of reads mapped to too many loci |	0.02%
                                  UNMAPPED READS:
  Number of reads unmapped: too many mismatches |	1032
       % of reads unmapped: too many mismatches |	4.13%
            Number of reads unmapped: too short |	900
                 % of reads unmapped: too short |	3.60%
                Number of reads unmapped: other |	12
                     % of reads unmapped: other |	0.05%
                                  CHIMERIC READS:
                       Number of chimeric reads |	289
                            % of chimeric reads |	1.16%
