                                 Started job on |	Oct 13 16:28:05
                             Started mapping on |	Oct 13 16:30:06
                                    Finished on |	Oct 13 16:30:08
       Mapping speed, Million of reads per hour |	45.02

                          Number of input reads |	25012
                      Average input read length |	100
                                    UNIQUE READS:
                   Uniquely mapped reads number |	21679
                        Uniquely mapped reads % |	86.67%
                          Average mapped length |	99.99
                       Number of splices: Total |	6225
            Number of splices: Annotated (sjdb) |	6184
                       Number of splices: GT/AG |	6173
                       Number of splices: GC/AG |	46
                       Number of splices: AT/AC |	4
               Number of splices: Non-canonical |	2
                      Mismatch rate per base, % |	0.30%
                         Deletion rate per base |	0.01%
                        Deletion average length |	1.43
                        Insertion rate per base |	0.01%
                       Insertion average length |	1.23
                             MULTI-MAPPING READS:
        Number of reads mapped to multiple loci |	1169
             % of reads mapped to multiple loci |	4.67%
        Number of reads mapped to too many loci |	14
             % of reads mapped to too many loci |	0.06%
                                  UNMAPPED READS:
  Number of reads unmapped: too many mismatches |	1059
       % of reads unmapped: too many mismatches |	4.23%
            Number of reads unmapped: too short |	1074
                 % of reads unmapped: too short |	4.29%
                Number of reads unmapped: other |	17
                     % of reads unmapped: other |	0.07%
                                  CHIMERIC READS:
                       Number of chimeric reads |	217
                            % of chimeric reads |	0.87%
