                                 Started job on |	Oct 13 16:30:09
                             Started mapping on |	Oct 13 16:32:05
                                    Finished on |	Oct 13 16:32:08
       Mapping speed, Million of reads per hour |	30.01

                          Number of input reads |	25012
                      Average input read length |	100
                                    UNIQUE READS:
                   Uniquely mapped reads number |	21748
                        Uniquely mapped reads % |	86.95%
                          Average mapped length |	99.99
                       Number of splices: Total |	6141
            Number of splices: Annotated (sjdb) |	6098
                       Number of splices: GT/AG |	6078
                       Number of splices: GC/AG |	50
                       Number of splices: AT/AC |	9
               Number of splices: Non-canonical |	4
                      Mismatch rate per base, % |	0.30%
                         Deletion rate per base |	0.01%
                        Deletion average length |	1.64
                        Insertion rate per base |	0.01%
                       Insertion average length |	1.20
                             MULTI-MAPPING READS:
        Number of reads mapped to multiple loci |	1157
             % of reads mapped to multiple loci |	4.63%
        Number of reads mapped to too many loci |	10
             % of reads mapped to too many loci |	0.04%
                                  UNMAPPED READS:
  Number of reads unmapped: too many mismatches |	975
       % of reads unmapped: too many mismatches |	3.90%
            Number of reads unmapped: too short |	1108
                 % of reads unmapped: too short |	4.43%
                Number of reads unmapped: other |	14
                     % of reads unmapped: other |	0.06%
                                  CHIMERIC READS:
                       Number of chimeric reads |	200
                            % of chimeric reads |	0.80%
